   1               		.file	"nrk_ext_int.c"
   2               	__SREG__ = 0x3f
   3               	__SP_H__ = 0x3e
   4               	__SP_L__ = 0x3d
   5               	__CCP__ = 0x34
   6               	__tmp_reg__ = 0
   7               	__zero_reg__ = 1
  10               		.text
  11               	.Ltext0:
 121               	.global	nrk_ext_int_enable
 123               	nrk_ext_int_enable:
 124               		.stabd	46,0,0
   1:../../../src/kernel/hal/atmega1281/nrk_ext_int.c **** /******************************************************************************
   2:../../../src/kernel/hal/atmega1281/nrk_ext_int.c **** *  Nano-RK, a real-time operating system for sensor networks.
   3:../../../src/kernel/hal/atmega1281/nrk_ext_int.c **** *  Copyright (C) 2007, Real-Time and Multimedia Lab, Carnegie Mellon University
   4:../../../src/kernel/hal/atmega1281/nrk_ext_int.c **** *  All rights reserved.
   5:../../../src/kernel/hal/atmega1281/nrk_ext_int.c **** *
   6:../../../src/kernel/hal/atmega1281/nrk_ext_int.c **** *  This is the Open Source Version of Nano-RK included as part of a Dual
   7:../../../src/kernel/hal/atmega1281/nrk_ext_int.c **** *  Licensing Model. If you are unsure which license to use please refer to:
   8:../../../src/kernel/hal/atmega1281/nrk_ext_int.c **** *  http://www.nanork.org/nano-RK/wiki/Licensing
   9:../../../src/kernel/hal/atmega1281/nrk_ext_int.c **** *
  10:../../../src/kernel/hal/atmega1281/nrk_ext_int.c **** *  This program is free software: you can redistribute it and/or modify
  11:../../../src/kernel/hal/atmega1281/nrk_ext_int.c **** *  it under the terms of the GNU General Public License as published by
  12:../../../src/kernel/hal/atmega1281/nrk_ext_int.c **** *  the Free Software Foundation, version 2.0 of the License.
  13:../../../src/kernel/hal/atmega1281/nrk_ext_int.c **** *
  14:../../../src/kernel/hal/atmega1281/nrk_ext_int.c **** *  This program is distributed in the hope that it will be useful,
  15:../../../src/kernel/hal/atmega1281/nrk_ext_int.c **** *  but WITHOUT ANY WARRANTY; without even the implied warranty of
  16:../../../src/kernel/hal/atmega1281/nrk_ext_int.c **** *  MERCHANTABILITY or FITNESS FOR A PARTICULAR PURPOSE.  See the
  17:../../../src/kernel/hal/atmega1281/nrk_ext_int.c **** *  GNU General Public License for more details.
  18:../../../src/kernel/hal/atmega1281/nrk_ext_int.c **** *
  19:../../../src/kernel/hal/atmega1281/nrk_ext_int.c **** *  You should have received a copy of the GNU General Public License
  20:../../../src/kernel/hal/atmega1281/nrk_ext_int.c **** *  along with this program.  If not, see <http://www.gnu.org/licenses/>.
  21:../../../src/kernel/hal/atmega1281/nrk_ext_int.c **** *
  22:../../../src/kernel/hal/atmega1281/nrk_ext_int.c **** *  Contributing Authors (specific to this file):
  23:../../../src/kernel/hal/atmega1281/nrk_ext_int.c **** *  Anthony Rowe
  24:../../../src/kernel/hal/atmega1281/nrk_ext_int.c **** *******************************************************************************/
  25:../../../src/kernel/hal/atmega1281/nrk_ext_int.c **** 
  26:../../../src/kernel/hal/atmega1281/nrk_ext_int.c **** #include <include.h>
  27:../../../src/kernel/hal/atmega1281/nrk_ext_int.c **** #include <avr/interrupt.h>
  28:../../../src/kernel/hal/atmega1281/nrk_ext_int.c **** #include <ulib.h>
  29:../../../src/kernel/hal/atmega1281/nrk_ext_int.c **** #include <nrk_ext_int.h>
  30:../../../src/kernel/hal/atmega1281/nrk_ext_int.c **** #include <nrk_error.h>
  31:../../../src/kernel/hal/atmega1281/nrk_ext_int.c **** #include <nrk_cfg.h>
  32:../../../src/kernel/hal/atmega1281/nrk_ext_int.c **** 
  33:../../../src/kernel/hal/atmega1281/nrk_ext_int.c **** 
  34:../../../src/kernel/hal/atmega1281/nrk_ext_int.c **** int8_t  nrk_ext_int_enable(uint8_t pin )
  35:../../../src/kernel/hal/atmega1281/nrk_ext_int.c **** {
 126               	.LM0:
 127               	.LFBB1:
 128               	/* prologue: function */
 129               	/* frame size = 0 */
 130               	/* stack size = 0 */
 131               	.L__stack_usage = 0
  36:../../../src/kernel/hal/atmega1281/nrk_ext_int.c **** if(pin==NRK_EXT_INT_0) { EIMSK |= BM(INT0); return NRK_OK; }
 133               	.LM1:
 134 0000 8823      		tst r24
 135 0002 01F4      		brne .L2
 137               	.LM2:
 138 0004 E89A      		sbi 61-32,0
 139 0006 00C0      		rjmp .L15
 140               	.L2:
  37:../../../src/kernel/hal/atmega1281/nrk_ext_int.c **** if(pin==NRK_EXT_INT_1) { EIMSK |= BM(INT1); return NRK_OK; }
 142               	.LM3:
 143 0008 8130      		cpi r24,lo8(1)
 144 000a 01F4      		brne .L4
 146               	.LM4:
 147 000c E99A      		sbi 61-32,1
 148 000e 0895      		ret
 149               	.L4:
  38:../../../src/kernel/hal/atmega1281/nrk_ext_int.c **** if(pin==NRK_EXT_INT_2) { EIMSK |= BM(INT2); return NRK_OK; }
 151               	.LM5:
 152 0010 8230      		cpi r24,lo8(2)
 153 0012 01F4      		brne .L5
 155               	.LM6:
 156 0014 EA9A      		sbi 61-32,2
 157 0016 00C0      		rjmp .L15
 158               	.L5:
  39:../../../src/kernel/hal/atmega1281/nrk_ext_int.c **** if(pin==NRK_PC_INT_0 ) { PCMSK0 |= BM(PCINT0); return NRK_OK; }
 160               	.LM7:
 161 0018 8330      		cpi r24,lo8(3)
 162 001a 01F4      		brne .L6
 164               	.LM8:
 165 001c 8091 6B00 		lds r24,107
 166 0020 8160      		ori r24,lo8(1)
 167 0022 00C0      		rjmp .L14
 168               	.L6:
  40:../../../src/kernel/hal/atmega1281/nrk_ext_int.c **** if(pin==NRK_PC_INT_1 ) { PCMSK0 |= BM(PCINT1); return NRK_OK; }
 170               	.LM9:
 171 0024 8430      		cpi r24,lo8(4)
 172 0026 01F4      		brne .L7
 174               	.LM10:
 175 0028 8091 6B00 		lds r24,107
 176 002c 8260      		ori r24,lo8(2)
 177 002e 00C0      		rjmp .L14
 178               	.L7:
  41:../../../src/kernel/hal/atmega1281/nrk_ext_int.c **** if(pin==NRK_PC_INT_2 ) { PCMSK0 |= BM(PCINT2); return NRK_OK; }
 180               	.LM11:
 181 0030 8530      		cpi r24,lo8(5)
 182 0032 01F4      		brne .L8
 184               	.LM12:
 185 0034 8091 6B00 		lds r24,107
 186 0038 8460      		ori r24,lo8(4)
 187 003a 00C0      		rjmp .L14
 188               	.L8:
  42:../../../src/kernel/hal/atmega1281/nrk_ext_int.c **** if(pin==NRK_PC_INT_3 ) { PCMSK0 |= BM(PCINT3); return NRK_OK; }
 190               	.LM13:
 191 003c 8630      		cpi r24,lo8(6)
 192 003e 01F4      		brne .L9
 194               	.LM14:
 195 0040 8091 6B00 		lds r24,107
 196 0044 8860      		ori r24,lo8(8)
 197 0046 00C0      		rjmp .L14
 198               	.L9:
  43:../../../src/kernel/hal/atmega1281/nrk_ext_int.c **** if(pin==NRK_PC_INT_4 ) { PCMSK0 |= BM(PCINT4); return NRK_OK; }
 200               	.LM15:
 201 0048 8730      		cpi r24,lo8(7)
 202 004a 01F4      		brne .L10
 204               	.LM16:
 205 004c 8091 6B00 		lds r24,107
 206 0050 8061      		ori r24,lo8(16)
 207 0052 00C0      		rjmp .L14
 208               	.L10:
  44:../../../src/kernel/hal/atmega1281/nrk_ext_int.c **** if(pin==NRK_PC_INT_5 ) { PCMSK0 |= BM(PCINT5); return NRK_OK; }
 210               	.LM17:
 211 0054 8830      		cpi r24,lo8(8)
 212 0056 01F4      		brne .L11
 214               	.LM18:
 215 0058 8091 6B00 		lds r24,107
 216 005c 8062      		ori r24,lo8(32)
 217 005e 00C0      		rjmp .L14
 218               	.L11:
  45:../../../src/kernel/hal/atmega1281/nrk_ext_int.c **** if(pin==NRK_PC_INT_6 ) { PCMSK0 |= BM(PCINT6); return NRK_OK; }
 220               	.LM19:
 221 0060 8930      		cpi r24,lo8(9)
 222 0062 01F4      		brne .L12
 224               	.LM20:
 225 0064 8091 6B00 		lds r24,107
 226 0068 8064      		ori r24,lo8(64)
 227 006a 00C0      		rjmp .L14
 228               	.L12:
  46:../../../src/kernel/hal/atmega1281/nrk_ext_int.c **** if(pin==NRK_PC_INT_7 ) { PCMSK0 |= BM(PCINT7); return NRK_OK; }
 230               	.LM21:
 231 006c 8A30      		cpi r24,lo8(10)
 232 006e 01F4      		brne .L13
 234               	.LM22:
 235 0070 8091 6B00 		lds r24,107
 236 0074 8068      		ori r24,lo8(-128)
 237               	.L14:
 238 0076 8093 6B00 		sts 107,r24
 239               	.L15:
 240 007a 81E0      		ldi r24,lo8(1)
 241 007c 0895      		ret
 242               	.L13:
  47:../../../src/kernel/hal/atmega1281/nrk_ext_int.c **** return NRK_ERROR;
 244               	.LM23:
 245 007e 8FEF      		ldi r24,lo8(-1)
  48:../../../src/kernel/hal/atmega1281/nrk_ext_int.c **** }
 247               	.LM24:
 248 0080 0895      		ret
 250               	.Lscope1:
 252               		.stabd	78,0,0
 255               	.global	nrk_ext_int_disable
 257               	nrk_ext_int_disable:
 258               		.stabd	46,0,0
  49:../../../src/kernel/hal/atmega1281/nrk_ext_int.c **** 
  50:../../../src/kernel/hal/atmega1281/nrk_ext_int.c **** int8_t  nrk_ext_int_disable(uint8_t pin )
  51:../../../src/kernel/hal/atmega1281/nrk_ext_int.c **** {
 260               	.LM25:
 261               	.LFBB2:
 262               	/* prologue: function */
 263               	/* frame size = 0 */
 264               	/* stack size = 0 */
 265               	.L__stack_usage = 0
  52:../../../src/kernel/hal/atmega1281/nrk_ext_int.c **** if(pin==NRK_EXT_INT_0) { EIMSK &= ~BM(INT0); return NRK_OK; }
 267               	.LM26:
 268 0082 8823      		tst r24
 269 0084 01F4      		brne .L17
 271               	.LM27:
 272 0086 E898      		cbi 61-32,0
 273 0088 00C0      		rjmp .L30
 274               	.L17:
  53:../../../src/kernel/hal/atmega1281/nrk_ext_int.c **** if(pin==NRK_EXT_INT_1) { EIMSK &= ~BM(INT1); return NRK_OK; }
 276               	.LM28:
 277 008a 8130      		cpi r24,lo8(1)
 278 008c 01F4      		brne .L19
 280               	.LM29:
 281 008e E998      		cbi 61-32,1
 282 0090 0895      		ret
 283               	.L19:
  54:../../../src/kernel/hal/atmega1281/nrk_ext_int.c **** if(pin==NRK_EXT_INT_2) { EIMSK &= ~BM(INT1); return NRK_OK; }
 285               	.LM30:
 286 0092 8230      		cpi r24,lo8(2)
 287 0094 01F4      		brne .L20
 289               	.LM31:
 290 0096 E998      		cbi 61-32,1
 291 0098 00C0      		rjmp .L30
 292               	.L20:
  55:../../../src/kernel/hal/atmega1281/nrk_ext_int.c **** if(pin==NRK_PC_INT_0 ) { PCMSK0 &= ~BM(PCINT0); return NRK_OK; }
 294               	.LM32:
 295 009a 8330      		cpi r24,lo8(3)
 296 009c 01F4      		brne .L21
 298               	.LM33:
 299 009e 8091 6B00 		lds r24,107
 300 00a2 8E7F      		andi r24,lo8(-2)
 301 00a4 00C0      		rjmp .L29
 302               	.L21:
  56:../../../src/kernel/hal/atmega1281/nrk_ext_int.c **** if(pin==NRK_PC_INT_1 ) { PCMSK0 &= ~BM(PCINT1); return NRK_OK; }
 304               	.LM34:
 305 00a6 8430      		cpi r24,lo8(4)
 306 00a8 01F4      		brne .L22
 308               	.LM35:
 309 00aa 8091 6B00 		lds r24,107
 310 00ae 8D7F      		andi r24,lo8(-3)
 311 00b0 00C0      		rjmp .L29
 312               	.L22:
  57:../../../src/kernel/hal/atmega1281/nrk_ext_int.c **** if(pin==NRK_PC_INT_2 ) { PCMSK0 &= ~BM(PCINT2); return NRK_OK; }
 314               	.LM36:
 315 00b2 8530      		cpi r24,lo8(5)
 316 00b4 01F4      		brne .L23
 318               	.LM37:
 319 00b6 8091 6B00 		lds r24,107
 320 00ba 8B7F      		andi r24,lo8(-5)
 321 00bc 00C0      		rjmp .L29
 322               	.L23:
  58:../../../src/kernel/hal/atmega1281/nrk_ext_int.c **** if(pin==NRK_PC_INT_3 ) { PCMSK0 &= ~BM(PCINT3); return NRK_OK; }
 324               	.LM38:
 325 00be 8630      		cpi r24,lo8(6)
 326 00c0 01F4      		brne .L24
 328               	.LM39:
 329 00c2 8091 6B00 		lds r24,107
 330 00c6 877F      		andi r24,lo8(-9)
 331 00c8 00C0      		rjmp .L29
 332               	.L24:
  59:../../../src/kernel/hal/atmega1281/nrk_ext_int.c **** if(pin==NRK_PC_INT_4 ) { PCMSK0 &= ~BM(PCINT4); return NRK_OK; }
 334               	.LM40:
 335 00ca 8730      		cpi r24,lo8(7)
 336 00cc 01F4      		brne .L25
 338               	.LM41:
 339 00ce 8091 6B00 		lds r24,107
 340 00d2 8F7E      		andi r24,lo8(-17)
 341 00d4 00C0      		rjmp .L29
 342               	.L25:
  60:../../../src/kernel/hal/atmega1281/nrk_ext_int.c **** if(pin==NRK_PC_INT_5 ) { PCMSK0 &= ~BM(PCINT5); return NRK_OK; }
 344               	.LM42:
 345 00d6 8830      		cpi r24,lo8(8)
 346 00d8 01F4      		brne .L26
 348               	.LM43:
 349 00da 8091 6B00 		lds r24,107
 350 00de 8F7D      		andi r24,lo8(-33)
 351 00e0 00C0      		rjmp .L29
 352               	.L26:
  61:../../../src/kernel/hal/atmega1281/nrk_ext_int.c **** if(pin==NRK_PC_INT_6 ) { PCMSK0 &= ~BM(PCINT6); return NRK_OK; }
 354               	.LM44:
 355 00e2 8930      		cpi r24,lo8(9)
 356 00e4 01F4      		brne .L27
 358               	.LM45:
 359 00e6 8091 6B00 		lds r24,107
 360 00ea 8F7B      		andi r24,lo8(-65)
 361 00ec 00C0      		rjmp .L29
 362               	.L27:
  62:../../../src/kernel/hal/atmega1281/nrk_ext_int.c **** if(pin==NRK_PC_INT_7 ) { PCMSK0 &= ~BM(PCINT7); return NRK_OK; }
 364               	.LM46:
 365 00ee 8A30      		cpi r24,lo8(10)
 366 00f0 01F4      		brne .L28
 368               	.LM47:
 369 00f2 8091 6B00 		lds r24,107
 370 00f6 8F77      		andi r24,lo8(127)
 371               	.L29:
 372 00f8 8093 6B00 		sts 107,r24
 373               	.L30:
 374 00fc 81E0      		ldi r24,lo8(1)
 375 00fe 0895      		ret
 376               	.L28:
  63:../../../src/kernel/hal/atmega1281/nrk_ext_int.c **** return NRK_ERROR;
 378               	.LM48:
 379 0100 8FEF      		ldi r24,lo8(-1)
  64:../../../src/kernel/hal/atmega1281/nrk_ext_int.c **** }
 381               	.LM49:
 382 0102 0895      		ret
 384               	.Lscope2:
 386               		.stabd	78,0,0
 391               	.global	nrk_ext_int_configure
 393               	nrk_ext_int_configure:
 394               		.stabd	46,0,0
  65:../../../src/kernel/hal/atmega1281/nrk_ext_int.c **** 
  66:../../../src/kernel/hal/atmega1281/nrk_ext_int.c **** 
  67:../../../src/kernel/hal/atmega1281/nrk_ext_int.c **** 
  68:../../../src/kernel/hal/atmega1281/nrk_ext_int.c **** int8_t  nrk_ext_int_configure(uint8_t pin, uint8_t mode, void *callback_func)
  69:../../../src/kernel/hal/atmega1281/nrk_ext_int.c **** {
 396               	.LM50:
 397               	.LFBB3:
 398               	/* prologue: function */
 399               	/* frame size = 0 */
 400               	/* stack size = 0 */
 401               	.L__stack_usage = 0
  70:../../../src/kernel/hal/atmega1281/nrk_ext_int.c **** if(pin==NRK_EXT_INT_0)
 403               	.LM51:
 404 0104 8823      		tst r24
 405 0106 01F4      		brne .L32
  71:../../../src/kernel/hal/atmega1281/nrk_ext_int.c **** 	{
  72:../../../src/kernel/hal/atmega1281/nrk_ext_int.c **** 	ext_int0_callback=callback_func;
 407               	.LM52:
 408 0108 5093 0000 		sts ext_int0_callback+1,r21
 409 010c 4093 0000 		sts ext_int0_callback,r20
  73:../../../src/kernel/hal/atmega1281/nrk_ext_int.c **** 	if(mode==NRK_LOW_TRIGGER) EICRA &= ~(BM(ISC01) | BM(ISC00));
 411               	.LM53:
 412 0110 6623      		tst r22
 413 0112 01F4      		brne .L33
 415               	.LM54:
 416 0114 8091 6900 		lds r24,105
 417 0118 8C7F      		andi r24,lo8(-4)
 418 011a 00C0      		rjmp .L49
 419               	.L33:
  74:../../../src/kernel/hal/atmega1281/nrk_ext_int.c **** 	if(mode==NRK_LEVEL_TRIGGER) 
 421               	.LM55:
 422 011c 6130      		cpi r22,lo8(1)
 423 011e 01F4      		brne .L35
  75:../../../src/kernel/hal/atmega1281/nrk_ext_int.c **** 		{ EICRA &= (~BM(ISC01)); EICRA |= BM(ISC00); }
 425               	.LM56:
 426 0120 8091 6900 		lds r24,105
 427 0124 8D7F      		andi r24,lo8(-3)
 428 0126 8093 6900 		sts 105,r24
 429 012a 8091 6900 		lds r24,105
 430 012e 8160      		ori r24,lo8(1)
 431 0130 00C0      		rjmp .L49
 432               	.L35:
  76:../../../src/kernel/hal/atmega1281/nrk_ext_int.c **** 	if(mode==NRK_FALLING_EDGE) 
 434               	.LM57:
 435 0132 6230      		cpi r22,lo8(2)
 436 0134 01F4      		brne .L36
  77:../../../src/kernel/hal/atmega1281/nrk_ext_int.c **** 		{ EICRA |= BM(ISC01); EICRA &= (~BM(ISC00)); }
 438               	.LM58:
 439 0136 8091 6900 		lds r24,105
 440 013a 8260      		ori r24,lo8(2)
 441 013c 8093 6900 		sts 105,r24
 442 0140 8091 6900 		lds r24,105
 443 0144 8E7F      		andi r24,lo8(-2)
 444 0146 00C0      		rjmp .L49
 445               	.L36:
  78:../../../src/kernel/hal/atmega1281/nrk_ext_int.c **** 	if(mode==NRK_RISING_EDGE) EICRA |= BM(ISC01) | BM(ISC00);
 447               	.LM59:
 448 0148 6330      		cpi r22,lo8(3)
 449 014a 01F0      		breq .+2
 450 014c 00C0      		rjmp .L47
 452               	.LM60:
 453 014e 8091 6900 		lds r24,105
 454 0152 8360      		ori r24,lo8(3)
 455 0154 00C0      		rjmp .L49
 456               	.L32:
  79:../../../src/kernel/hal/atmega1281/nrk_ext_int.c **** 	return NRK_OK;
  80:../../../src/kernel/hal/atmega1281/nrk_ext_int.c **** 	}
  81:../../../src/kernel/hal/atmega1281/nrk_ext_int.c **** if(pin==NRK_EXT_INT_1)
 458               	.LM61:
 459 0156 8130      		cpi r24,lo8(1)
 460 0158 01F4      		brne .L37
  82:../../../src/kernel/hal/atmega1281/nrk_ext_int.c **** 	{
  83:../../../src/kernel/hal/atmega1281/nrk_ext_int.c **** 	ext_int1_callback=callback_func;
 462               	.LM62:
 463 015a 5093 0000 		sts ext_int1_callback+1,r21
 464 015e 4093 0000 		sts ext_int1_callback,r20
  84:../../../src/kernel/hal/atmega1281/nrk_ext_int.c **** 	if(mode==NRK_LOW_TRIGGER) EICRA &= ~(BM(ISC11) | BM(ISC10));
 466               	.LM63:
 467 0162 6623      		tst r22
 468 0164 01F4      		brne .L38
 470               	.LM64:
 471 0166 8091 6900 		lds r24,105
 472 016a 837F      		andi r24,lo8(-13)
 473 016c 00C0      		rjmp .L49
 474               	.L38:
  85:../../../src/kernel/hal/atmega1281/nrk_ext_int.c **** 	if(mode==NRK_LEVEL_TRIGGER) 
 476               	.LM65:
 477 016e 6130      		cpi r22,lo8(1)
 478 0170 01F4      		brne .L39
  86:../../../src/kernel/hal/atmega1281/nrk_ext_int.c **** 		{ EICRA &= (~BM(ISC11)); EICRA |= BM(ISC10); }
 480               	.LM66:
 481 0172 8091 6900 		lds r24,105
 482 0176 877F      		andi r24,lo8(-9)
 483 0178 8093 6900 		sts 105,r24
 484 017c 8091 6900 		lds r24,105
 485 0180 8460      		ori r24,lo8(4)
 486 0182 00C0      		rjmp .L49
 487               	.L39:
  87:../../../src/kernel/hal/atmega1281/nrk_ext_int.c **** 	if(mode==NRK_FALLING_EDGE) 
 489               	.LM67:
 490 0184 6230      		cpi r22,lo8(2)
 491 0186 01F4      		brne .L40
  88:../../../src/kernel/hal/atmega1281/nrk_ext_int.c **** 		{ EICRA |= BM(ISC11); EICRA &= (~BM(ISC10)); }
 493               	.LM68:
 494 0188 8091 6900 		lds r24,105
 495 018c 8860      		ori r24,lo8(8)
 496 018e 8093 6900 		sts 105,r24
 497 0192 8091 6900 		lds r24,105
 498 0196 8B7F      		andi r24,lo8(-5)
 499 0198 00C0      		rjmp .L49
 500               	.L40:
  89:../../../src/kernel/hal/atmega1281/nrk_ext_int.c **** 	if(mode==NRK_RISING_EDGE) EICRA |= BM(ISC11) | BM(ISC10);
 502               	.LM69:
 503 019a 6330      		cpi r22,lo8(3)
 504 019c 01F4      		brne .L47
 506               	.LM70:
 507 019e 8091 6900 		lds r24,105
 508 01a2 8C60      		ori r24,lo8(12)
 509 01a4 00C0      		rjmp .L49
 510               	.L37:
  90:../../../src/kernel/hal/atmega1281/nrk_ext_int.c **** 	return NRK_OK;
  91:../../../src/kernel/hal/atmega1281/nrk_ext_int.c **** 	}
  92:../../../src/kernel/hal/atmega1281/nrk_ext_int.c **** if(pin==NRK_EXT_INT_2)
 512               	.LM71:
 513 01a6 8230      		cpi r24,lo8(2)
 514 01a8 01F4      		brne .L41
  93:../../../src/kernel/hal/atmega1281/nrk_ext_int.c **** 	{
  94:../../../src/kernel/hal/atmega1281/nrk_ext_int.c **** 	ext_int1_callback=callback_func;
 516               	.LM72:
 517 01aa 5093 0000 		sts ext_int1_callback+1,r21
 518 01ae 4093 0000 		sts ext_int1_callback,r20
  95:../../../src/kernel/hal/atmega1281/nrk_ext_int.c **** 	if(mode==NRK_LOW_TRIGGER) EICRA &= ~(BM(ISC21) | BM(ISC20));
 520               	.LM73:
 521 01b2 6623      		tst r22
 522 01b4 01F4      		brne .L42
 524               	.LM74:
 525 01b6 8091 6900 		lds r24,105
 526 01ba 8F7C      		andi r24,lo8(-49)
 527 01bc 00C0      		rjmp .L49
 528               	.L42:
  96:../../../src/kernel/hal/atmega1281/nrk_ext_int.c **** 	if(mode==NRK_LEVEL_TRIGGER) 
 530               	.LM75:
 531 01be 6130      		cpi r22,lo8(1)
 532 01c0 01F4      		brne .L43
  97:../../../src/kernel/hal/atmega1281/nrk_ext_int.c **** 		{ EICRA &= (~BM(ISC21)); EICRA |= BM(ISC20); }
 534               	.LM76:
 535 01c2 8091 6900 		lds r24,105
 536 01c6 8F7D      		andi r24,lo8(-33)
 537 01c8 8093 6900 		sts 105,r24
 538 01cc 8091 6900 		lds r24,105
 539 01d0 8061      		ori r24,lo8(16)
 540 01d2 00C0      		rjmp .L49
 541               	.L43:
  98:../../../src/kernel/hal/atmega1281/nrk_ext_int.c **** 	if(mode==NRK_FALLING_EDGE) 
 543               	.LM77:
 544 01d4 6230      		cpi r22,lo8(2)
 545 01d6 01F4      		brne .L44
  99:../../../src/kernel/hal/atmega1281/nrk_ext_int.c **** 		{ EICRA |= BM(ISC21); EICRA &= (~BM(ISC20)); }
 547               	.LM78:
 548 01d8 8091 6900 		lds r24,105
 549 01dc 8062      		ori r24,lo8(32)
 550 01de 8093 6900 		sts 105,r24
 551 01e2 8091 6900 		lds r24,105
 552 01e6 8F7E      		andi r24,lo8(-17)
 553               	.L49:
 554 01e8 8093 6900 		sts 105,r24
 555 01ec 00C0      		rjmp .L47
 556               	.L44:
 100:../../../src/kernel/hal/atmega1281/nrk_ext_int.c **** 	if(mode==NRK_RISING_EDGE) EICRA |= BM(ISC21) | BM(ISC20);
 558               	.LM79:
 559 01ee 6330      		cpi r22,lo8(3)
 560 01f0 01F4      		brne .L47
 562               	.LM80:
 563 01f2 8091 6900 		lds r24,105
 564 01f6 8063      		ori r24,lo8(48)
 565 01f8 00C0      		rjmp .L49
 566               	.L41:
 101:../../../src/kernel/hal/atmega1281/nrk_ext_int.c **** 	return NRK_OK;
 102:../../../src/kernel/hal/atmega1281/nrk_ext_int.c **** 	}
 103:../../../src/kernel/hal/atmega1281/nrk_ext_int.c **** 
 104:../../../src/kernel/hal/atmega1281/nrk_ext_int.c **** 
 105:../../../src/kernel/hal/atmega1281/nrk_ext_int.c **** 
 106:../../../src/kernel/hal/atmega1281/nrk_ext_int.c **** if(pin==NRK_PC_INT_0 || pin==NRK_PC_INT_1 || pin==NRK_PC_INT_2 || pin==NRK_PC_INT_3 || pin==NRK_PC_
 568               	.LM81:
 569 01fa 8350      		subi r24,lo8(-(-3))
 570 01fc 8830      		cpi r24,lo8(8)
 571 01fe 00F4      		brsh .L48
 107:../../../src/kernel/hal/atmega1281/nrk_ext_int.c **** 	PCICR |= BM(PCIE0);	
 573               	.LM82:
 574 0200 8091 6800 		lds r24,104
 575 0204 8160      		ori r24,lo8(1)
 576 0206 8093 6800 		sts 104,r24
 108:../../../src/kernel/hal/atmega1281/nrk_ext_int.c **** 	pc_int0_callback=callback_func;
 578               	.LM83:
 579 020a 5093 0000 		sts pc_int0_callback+1,r21
 580 020e 4093 0000 		sts pc_int0_callback,r20
 581               	.L47:
 101:../../../src/kernel/hal/atmega1281/nrk_ext_int.c **** 	return NRK_OK;
 583               	.LM84:
 584 0212 81E0      		ldi r24,lo8(1)
 585 0214 0895      		ret
 586               	.L48:
 109:../../../src/kernel/hal/atmega1281/nrk_ext_int.c **** 	return NRK_OK;
 110:../../../src/kernel/hal/atmega1281/nrk_ext_int.c **** 	}
 111:../../../src/kernel/hal/atmega1281/nrk_ext_int.c **** return NRK_ERROR;
 588               	.LM85:
 589 0216 8FEF      		ldi r24,lo8(-1)
 112:../../../src/kernel/hal/atmega1281/nrk_ext_int.c **** }
 591               	.LM86:
 592 0218 0895      		ret
 594               	.Lscope3:
 596               		.stabd	78,0,0
 598               	.global	__vector_9
 600               	__vector_9:
 601               		.stabd	46,0,0
 113:../../../src/kernel/hal/atmega1281/nrk_ext_int.c **** 
 114:../../../src/kernel/hal/atmega1281/nrk_ext_int.c **** 
 115:../../../src/kernel/hal/atmega1281/nrk_ext_int.c **** SIGNAL(PCINT0_vect) {
 603               	.LM87:
 604               	.LFBB4:
 605 021a 1F92      		push __zero_reg__
 606 021c 0F92      		push r0
 607 021e 0FB6      		in r0,__SREG__
 608 0220 0F92      		push r0
 609 0222 0BB6      		in r0,91-32
 610 0224 0F92      		push r0
 611 0226 1124      		clr __zero_reg__
 612 0228 2F93      		push r18
 613 022a 3F93      		push r19
 614 022c 4F93      		push r20
 615 022e 5F93      		push r21
 616 0230 6F93      		push r22
 617 0232 7F93      		push r23
 618 0234 8F93      		push r24
 619 0236 9F93      		push r25
 620 0238 AF93      		push r26
 621 023a BF93      		push r27
 622 023c EF93      		push r30
 623 023e FF93      		push r31
 624               	/* prologue: Signal */
 625               	/* frame size = 0 */
 626               	/* stack size = 16 */
 627               	.L__stack_usage = 16
 116:../../../src/kernel/hal/atmega1281/nrk_ext_int.c **** 	if(pc_int0_callback!=NULL) pc_int0_callback();
 629               	.LM88:
 630 0240 E091 0000 		lds r30,pc_int0_callback
 631 0244 F091 0000 		lds r31,pc_int0_callback+1
 632 0248 3097      		sbiw r30,0
 633 024a 01F0      		breq .L51
 635               	.LM89:
 636 024c 0995      		icall
 637 024e 00C0      		rjmp .L50
 638               	.L51:
 117:../../../src/kernel/hal/atmega1281/nrk_ext_int.c **** 	else
 118:../../../src/kernel/hal/atmega1281/nrk_ext_int.c **** 	nrk_kernel_error_add(NRK_SEG_FAULT,0);
 640               	.LM90:
 641 0250 8AE0      		ldi r24,lo8(10)
 642 0252 60E0      		ldi r22,lo8(0)
 643 0254 0E94 0000 		call nrk_kernel_error_add
 644               	.L50:
 645               	/* epilogue start */
 119:../../../src/kernel/hal/atmega1281/nrk_ext_int.c **** 	return;  	
 120:../../../src/kernel/hal/atmega1281/nrk_ext_int.c **** }
 647               	.LM91:
 648 0258 FF91      		pop r31
 649 025a EF91      		pop r30
 650 025c BF91      		pop r27
 651 025e AF91      		pop r26
 652 0260 9F91      		pop r25
 653 0262 8F91      		pop r24
 654 0264 7F91      		pop r23
 655 0266 6F91      		pop r22
 656 0268 5F91      		pop r21
 657 026a 4F91      		pop r20
 658 026c 3F91      		pop r19
 659 026e 2F91      		pop r18
 660 0270 0F90      		pop r0
 661 0272 0BBE      		out 91-32,r0
 662 0274 0F90      		pop r0
 663 0276 0FBE      		out __SREG__,r0
 664 0278 0F90      		pop r0
 665 027a 1F90      		pop __zero_reg__
 666 027c 1895      		reti
 668               	.Lscope4:
 670               		.stabd	78,0,0
 672               	.global	__vector_1
 674               	__vector_1:
 675               		.stabd	46,0,0
 121:../../../src/kernel/hal/atmega1281/nrk_ext_int.c **** 
 122:../../../src/kernel/hal/atmega1281/nrk_ext_int.c **** 
 123:../../../src/kernel/hal/atmega1281/nrk_ext_int.c **** SIGNAL(INT0_vect) {
 677               	.LM92:
 678               	.LFBB5:
 679 027e 1F92      		push __zero_reg__
 680 0280 0F92      		push r0
 681 0282 0FB6      		in r0,__SREG__
 682 0284 0F92      		push r0
 683 0286 0BB6      		in r0,91-32
 684 0288 0F92      		push r0
 685 028a 1124      		clr __zero_reg__
 686 028c 2F93      		push r18
 687 028e 3F93      		push r19
 688 0290 4F93      		push r20
 689 0292 5F93      		push r21
 690 0294 6F93      		push r22
 691 0296 7F93      		push r23
 692 0298 8F93      		push r24
 693 029a 9F93      		push r25
 694 029c AF93      		push r26
 695 029e BF93      		push r27
 696 02a0 EF93      		push r30
 697 02a2 FF93      		push r31
 698               	/* prologue: Signal */
 699               	/* frame size = 0 */
 700               	/* stack size = 16 */
 701               	.L__stack_usage = 16
 124:../../../src/kernel/hal/atmega1281/nrk_ext_int.c **** 	if(ext_int0_callback!=NULL) ext_int0_callback();
 703               	.LM93:
 704 02a4 E091 0000 		lds r30,ext_int0_callback
 705 02a8 F091 0000 		lds r31,ext_int0_callback+1
 706 02ac 3097      		sbiw r30,0
 707 02ae 01F0      		breq .L54
 709               	.LM94:
 710 02b0 0995      		icall
 711 02b2 00C0      		rjmp .L53
 712               	.L54:
 125:../../../src/kernel/hal/atmega1281/nrk_ext_int.c **** 	else
 126:../../../src/kernel/hal/atmega1281/nrk_ext_int.c **** 	nrk_kernel_error_add(NRK_SEG_FAULT,0);
 714               	.LM95:
 715 02b4 8AE0      		ldi r24,lo8(10)
 716 02b6 60E0      		ldi r22,lo8(0)
 717 02b8 0E94 0000 		call nrk_kernel_error_add
 718               	.L53:
 719               	/* epilogue start */
 127:../../../src/kernel/hal/atmega1281/nrk_ext_int.c **** 	return;  	
 128:../../../src/kernel/hal/atmega1281/nrk_ext_int.c **** }
 721               	.LM96:
 722 02bc FF91      		pop r31
 723 02be EF91      		pop r30
 724 02c0 BF91      		pop r27
 725 02c2 AF91      		pop r26
 726 02c4 9F91      		pop r25
 727 02c6 8F91      		pop r24
 728 02c8 7F91      		pop r23
 729 02ca 6F91      		pop r22
 730 02cc 5F91      		pop r21
 731 02ce 4F91      		pop r20
 732 02d0 3F91      		pop r19
 733 02d2 2F91      		pop r18
 734 02d4 0F90      		pop r0
 735 02d6 0BBE      		out 91-32,r0
 736 02d8 0F90      		pop r0
 737 02da 0FBE      		out __SREG__,r0
 738 02dc 0F90      		pop r0
 739 02de 1F90      		pop __zero_reg__
 740 02e0 1895      		reti
 742               	.Lscope5:
 744               		.stabd	78,0,0
 745               		.comm _nrk_signal_list,4,1
 746               		.comm ext_int0_callback,2,1
 747               		.comm ext_int1_callback,2,1
 748               		.comm ext_int2_callback,2,1
 749               		.comm pc_int0_callback,2,1
 750               		.comm error_task,1,1
 751               		.comm error_num,1,1
 760               	.Letext0:
 761               	.global __do_clear_bss
DEFINED SYMBOLS
                            *ABS*:0000000000000000 nrk_ext_int.c
     /tmp/ccEl9kGm.s:2      *ABS*:000000000000003f __SREG__
     /tmp/ccEl9kGm.s:3      *ABS*:000000000000003e __SP_H__
     /tmp/ccEl9kGm.s:4      *ABS*:000000000000003d __SP_L__
     /tmp/ccEl9kGm.s:5      *ABS*:0000000000000034 __CCP__
     /tmp/ccEl9kGm.s:6      *ABS*:0000000000000000 __tmp_reg__
     /tmp/ccEl9kGm.s:7      *ABS*:0000000000000001 __zero_reg__
     /tmp/ccEl9kGm.s:123    .text:0000000000000000 nrk_ext_int_enable
     /tmp/ccEl9kGm.s:257    .text:0000000000000082 nrk_ext_int_disable
     /tmp/ccEl9kGm.s:393    .text:0000000000000104 nrk_ext_int_configure
                            *COM*:0000000000000002 ext_int0_callback
                            *COM*:0000000000000002 ext_int1_callback
                            *COM*:0000000000000002 pc_int0_callback
     /tmp/ccEl9kGm.s:600    .text:000000000000021a __vector_9
     /tmp/ccEl9kGm.s:674    .text:000000000000027e __vector_1
                            *COM*:0000000000000004 _nrk_signal_list
                            *COM*:0000000000000002 ext_int2_callback
                            *COM*:0000000000000001 error_task
                            *COM*:0000000000000001 error_num

UNDEFINED SYMBOLS
nrk_kernel_error_add
__do_clear_bss
